used device: cuda
epoch: 7
=============== tta: 0 ===============
=============== fold: 0 result ================
Score: 0.88117
=============== fold: 1 result ================
Score: 0.88155
=============== fold: 2 result ================
Score: 0.88305
=============== fold: 3 result ================
Score: 0.88153
=============== fold: 4 result ================
Score: 0.88380
=============== tta: 1 ===============
=============== fold: 0 result ================
Score: 0.88117
=============== fold: 1 result ================
Score: 0.88155
=============== fold: 2 result ================
Score: 0.88305
=============== fold: 3 result ================
Score: 0.88153
=============== fold: 4 result ================
Score: 0.88380
=============== tta: 2 ===============
=============== fold: 0 result ================
Score: 0.88117
=============== fold: 1 result ================
Score: 0.88155
=============== fold: 2 result ================
Score: 0.88305
=============== fold: 3 result ================
Score: 0.88153
=============== fold: 4 result ================
Score: 0.88380
=============== tta: 3 ===============
=============== fold: 0 result ================
Score: 0.88117
=============== fold: 1 result ================
Score: 0.88155
=============== fold: 2 result ================
Score: 0.88305
=============== fold: 3 result ================
Score: 0.88153
=============== fold: 4 result ================
Score: 0.88380
=============== tta: 4 ===============
=============== fold: 0 result ================
Score: 0.88117
=============== fold: 1 result ================
Score: 0.88155
=============== fold: 2 result ================
Score: 0.88305
=============== fold: 3 result ================
Score: 0.88153
=============== fold: 4 result ================
Score: 0.88380
epoch: 8
=============== tta: 0 ===============
=============== fold: 0 result ================
Score: 0.88117
=============== fold: 1 result ================
Score: 0.88155
=============== fold: 2 result ================
Score: 0.88305
=============== fold: 3 result ================
Score: 0.88153
=============== fold: 4 result ================
Score: 0.88380
=============== tta: 1 ===============
=============== fold: 0 result ================
Score: 0.88117
=============== fold: 1 result ================
Score: 0.88155
=============== fold: 2 result ================
Score: 0.88305
=============== fold: 3 result ================
Score: 0.88153
=============== fold: 4 result ================
Score: 0.88380
=============== tta: 2 ===============
=============== fold: 0 result ================
Score: 0.88117
=============== fold: 1 result ================
Score: 0.88155
=============== fold: 2 result ================
Score: 0.88305
=============== fold: 3 result ================
Score: 0.88153
=============== fold: 4 result ================
Score: 0.88380
=============== tta: 3 ===============
=============== fold: 0 result ================
Score: 0.88117
=============== fold: 1 result ================
Score: 0.88155
=============== fold: 2 result ================
Score: 0.88305
=============== fold: 3 result ================
Score: 0.88153
=============== fold: 4 result ================
Score: 0.88380
=============== tta: 4 ===============
=============== fold: 0 result ================
Score: 0.88117
=============== fold: 1 result ================
Score: 0.88155
=============== fold: 2 result ================
Score: 0.88305
=============== fold: 3 result ================
Score: 0.88153
=============== fold: 4 result ================
Score: 0.88380
epoch: 9
=============== tta: 0 ===============
=============== fold: 0 result ================
Score: 0.88117
=============== fold: 1 result ================
Score: 0.88155
=============== fold: 2 result ================
Score: 0.88305
=============== fold: 3 result ================
Score: 0.88153
=============== fold: 4 result ================
Score: 0.88380
=============== tta: 1 ===============
=============== fold: 0 result ================
Score: 0.88117
=============== fold: 1 result ================
Score: 0.88155
=============== fold: 2 result ================
Score: 0.88305
=============== fold: 3 result ================
Score: 0.88153
=============== fold: 4 result ================
Score: 0.88380
=============== tta: 2 ===============
=============== fold: 0 result ================
Score: 0.88117
=============== fold: 1 result ================
Score: 0.88155
=============== fold: 2 result ================
Score: 0.88305
=============== fold: 3 result ================
Score: 0.88153
=============== fold: 4 result ================
Score: 0.88380
=============== tta: 3 ===============
=============== fold: 0 result ================
Score: 0.88117
=============== fold: 1 result ================
Score: 0.88155
=============== fold: 2 result ================
Score: 0.88305
=============== fold: 3 result ================
Score: 0.88153
=============== fold: 4 result ================
Score: 0.88380
=============== tta: 4 ===============
=============== fold: 0 result ================
Score: 0.88117
=============== fold: 1 result ================
Score: 0.88155
=============== fold: 2 result ================
Score: 0.88305
=============== fold: 3 result ================
Score: 0.88153
=============== fold: 4 result ================
Score: 0.88380
epoch: 10
=============== tta: 0 ===============
=============== fold: 0 result ================
Score: 0.88117
=============== fold: 1 result ================
Score: 0.88155
=============== fold: 2 result ================
Score: 0.88305
=============== fold: 3 result ================
Score: 0.88153
=============== fold: 4 result ================
Score: 0.88380
=============== tta: 1 ===============
=============== fold: 0 result ================
Score: 0.88117
=============== fold: 1 result ================
Score: 0.88155
=============== fold: 2 result ================
Score: 0.88305
=============== fold: 3 result ================
Score: 0.88153
=============== fold: 4 result ================
Score: 0.88380
=============== tta: 2 ===============
=============== fold: 0 result ================
Score: 0.88117
=============== fold: 1 result ================
Score: 0.88155
=============== fold: 2 result ================
Score: 0.88305
=============== fold: 3 result ================
Score: 0.88153
=============== fold: 4 result ================
Score: 0.88380
=============== tta: 3 ===============
=============== fold: 0 result ================
Score: 0.88117
=============== fold: 1 result ================
Score: 0.88155
=============== fold: 2 result ================
Score: 0.88305
=============== fold: 3 result ================
Score: 0.88153
=============== fold: 4 result ================
Score: 0.88380
=============== tta: 4 ===============
=============== fold: 0 result ================
Score: 0.88117
=============== fold: 1 result ================
Score: 0.88155
=============== fold: 2 result ================
Score: 0.88305
=============== fold: 3 result ================
Score: 0.88153
=============== fold: 4 result ================
Score: 0.88380
