used device: cuda
epoch: 7
=============== tta: 0 ===============
used device: cuda
epoch: 7
=============== tta: 0 ===============
used device: cuda
epoch: 7
=============== tta: 0 ===============
=============== fold: 0 result ================
Score: 0.88724
=============== fold: 1 result ================
Score: 0.88193
=============== fold: 2 result ================
Score: 0.88399
=============== fold: 3 result ================
Score: 0.88305
=============== fold: 4 result ================
Score: 0.88684
=============== tta: 1 ===============
=============== fold: 0 result ================
Score: 0.88724
=============== fold: 1 result ================
Score: 0.88193
=============== fold: 2 result ================
Score: 0.88399
=============== fold: 3 result ================
Score: 0.88305
=============== fold: 4 result ================
Score: 0.88684
=============== tta: 2 ===============
=============== fold: 0 result ================
Score: 0.88724
=============== fold: 1 result ================
Score: 0.88193
=============== fold: 2 result ================
Score: 0.88399
=============== fold: 3 result ================
Score: 0.88305
=============== fold: 4 result ================
Score: 0.88684
=============== tta: 3 ===============
=============== fold: 0 result ================
Score: 0.88724
=============== fold: 1 result ================
Score: 0.88193
=============== fold: 2 result ================
Score: 0.88399
=============== fold: 3 result ================
Score: 0.88305
=============== fold: 4 result ================
Score: 0.88684
=============== tta: 4 ===============
=============== fold: 0 result ================
Score: 0.88724
=============== fold: 1 result ================
Score: 0.88193
=============== fold: 2 result ================
Score: 0.88399
=============== fold: 3 result ================
Score: 0.88305
=============== fold: 4 result ================
Score: 0.88684
epoch: 8
=============== tta: 0 ===============
=============== fold: 0 result ================
Score: 0.88724
=============== fold: 1 result ================
Score: 0.88193
=============== fold: 2 result ================
Score: 0.88399
=============== fold: 3 result ================
Score: 0.88305
=============== fold: 4 result ================
Score: 0.88684
=============== tta: 1 ===============
=============== fold: 0 result ================
Score: 0.88724
=============== fold: 1 result ================
Score: 0.88193
=============== fold: 2 result ================
Score: 0.88399
=============== fold: 3 result ================
Score: 0.88305
=============== fold: 4 result ================
Score: 0.88684
=============== tta: 2 ===============
=============== fold: 0 result ================
Score: 0.88724
=============== fold: 1 result ================
Score: 0.88193
=============== fold: 2 result ================
Score: 0.88399
=============== fold: 3 result ================
Score: 0.88305
=============== fold: 4 result ================
Score: 0.88684
=============== tta: 3 ===============
=============== fold: 0 result ================
Score: 0.88724
=============== fold: 1 result ================
Score: 0.88193
=============== fold: 2 result ================
Score: 0.88399
=============== fold: 3 result ================
Score: 0.88305
=============== fold: 4 result ================
Score: 0.88684
=============== tta: 4 ===============
=============== fold: 0 result ================
Score: 0.88724
=============== fold: 1 result ================
Score: 0.88193
=============== fold: 2 result ================
Score: 0.88399
=============== fold: 3 result ================
Score: 0.88305
=============== fold: 4 result ================
Score: 0.88684
epoch: 9
=============== tta: 0 ===============
=============== fold: 0 result ================
Score: 0.88724
=============== fold: 1 result ================
Score: 0.88193
=============== fold: 2 result ================
Score: 0.88399
=============== fold: 3 result ================
Score: 0.88305
=============== fold: 4 result ================
Score: 0.88684
=============== tta: 1 ===============
=============== fold: 0 result ================
Score: 0.88724
=============== fold: 1 result ================
Score: 0.88193
=============== fold: 2 result ================
Score: 0.88399
=============== fold: 3 result ================
Score: 0.88305
=============== fold: 4 result ================
Score: 0.88684
=============== tta: 2 ===============
=============== fold: 0 result ================
Score: 0.88724
=============== fold: 1 result ================
Score: 0.88193
=============== fold: 2 result ================
Score: 0.88399
=============== fold: 3 result ================
Score: 0.88305
=============== fold: 4 result ================
Score: 0.88684
=============== tta: 3 ===============
=============== fold: 0 result ================
Score: 0.88724
=============== fold: 1 result ================
Score: 0.88193
=============== fold: 2 result ================
Score: 0.88399
=============== fold: 3 result ================
Score: 0.88305
=============== fold: 4 result ================
Score: 0.88684
=============== tta: 4 ===============
=============== fold: 0 result ================
Score: 0.88724
=============== fold: 1 result ================
Score: 0.88193
=============== fold: 2 result ================
Score: 0.88399
=============== fold: 3 result ================
Score: 0.88305
=============== fold: 4 result ================
Score: 0.88684
epoch: 10
=============== tta: 0 ===============
=============== fold: 0 result ================
Score: 0.88724
=============== fold: 1 result ================
Score: 0.88193
=============== fold: 2 result ================
Score: 0.88399
=============== fold: 3 result ================
Score: 0.88305
=============== fold: 4 result ================
Score: 0.88684
=============== tta: 1 ===============
=============== fold: 0 result ================
Score: 0.88724
=============== fold: 1 result ================
Score: 0.88193
=============== fold: 2 result ================
Score: 0.88399
=============== fold: 3 result ================
Score: 0.88305
=============== fold: 4 result ================
Score: 0.88684
=============== tta: 2 ===============
=============== fold: 0 result ================
Score: 0.88724
=============== fold: 1 result ================
Score: 0.88193
=============== fold: 2 result ================
Score: 0.88399
=============== fold: 3 result ================
Score: 0.88305
=============== fold: 4 result ================
Score: 0.88684
=============== tta: 3 ===============
=============== fold: 0 result ================
Score: 0.88724
=============== fold: 1 result ================
Score: 0.88193
=============== fold: 2 result ================
Score: 0.88399
=============== fold: 3 result ================
Score: 0.88305
=============== fold: 4 result ================
Score: 0.88684
=============== tta: 4 ===============
=============== fold: 0 result ================
Score: 0.88724
=============== fold: 1 result ================
Score: 0.88193
=============== fold: 2 result ================
Score: 0.88399
=============== fold: 3 result ================
Score: 0.88305
=============== fold: 4 result ================
Score: 0.88684
